<?xml version="1.0" encoding="UTF-8"?>
<!-- Generated by org.testng.reporters.JUnitXMLReporter -->
<testsuite hostname="DESKTOP-SI1O4PM" tests="4" failures="0" timestamp="2 Jun 2016 08:59:25 GMT" time="0.047" errors="0">
  <testcase name="testClearnAndPop3" time="0.016" classname="TestStackImpl"/>
  <testcase name="testPop2" time="0.007" classname="TestStackImpl"/>
  <testcase name="testPush1AndPop1" time="0.002" classname="TestStackImpl"/>
  <testcase name="testPush2" time="0.004" classname="TestStackImpl"/>
</testsuite>
